<?xml version="1.0" encoding="UTF-8"?>
<!-- Generated by org.testng.reporters.JUnitReportReporter -->
<testsuite hostname="LAPTOP-IO7O6G3K" failures="0" tests="4" name="Test.ZerodhaLoginPageTest" time="0.007" errors="0" timestamp="2022-06-01T20:18:48 IST" skipped="0">
  <testcase classname="Test.ZerodhaLoginPageTest" name="testc" time="0.004"/>
  <system-out/>
  <testcase classname="Test.ZerodhaLoginPageTest" name="testd" time="0.001"/>
  <system-out/>
  <testcase classname="Test.ZerodhaLoginPageTest" name="testa" time="0.001"/>
  <system-out/>
  <testcase classname="Test.ZerodhaLoginPageTest" name="testb" time="0.001"/>
  <system-out/>
</testsuite> <!-- Test.ZerodhaLoginPageTest -->
