<?xml version="1.0" encoding="UTF-8"?>
<!-- Generated by org.testng.reporters.JUnitReportReporter -->
<testsuite hostname="LAPTOP-IO7O6G3K" failures="0" tests="3" name="Test.ZerodhaHomeTest" time="0.001" errors="0" timestamp="2022-06-01T20:18:48 IST" skipped="0">
  <testcase classname="Test.ZerodhaHomeTest" name="HomePageTest" time="0.000"/>
  <system-out/>
  <testcase classname="Test.ZerodhaHomeTest" name="GoToHomePageTest" time="0.000"/>
  <system-out/>
  <testcase classname="Test.ZerodhaHomeTest" name="add" time="0.001"/>
  <system-out/>
</testsuite> <!-- Test.ZerodhaHomeTest -->
