<?xml version="1.0" encoding="UTF-8"?>
<!-- Generated by org.testng.reporters.JUnitReportReporter -->
<testsuite hostname="LAPTOP-IO7O6G3K" failures="0" tests="2" name="Test.LoginPageTest" time="29.215" errors="0" timestamp="2022-06-20T19:26:14 IST" skipped="0">
  <testcase classname="Test.LoginPageTest" name="LoginTest" time="11.727"/>
  <system-out/>
  <testcase classname="Test.LoginPageTest" name="LoginWithOnlyUserTest" time="17.488"/>
  <system-out/>
</testsuite> <!-- Test.LoginPageTest -->
