<?xml version="1.0" encoding="UTF-8"?>
<!-- Generated by org.testng.reporters.JUnitReportReporter -->
<testsuite hostname="LAPTOP-IO7O6G3K" failures="0" tests="1" name="Test.HomePageTest" time="2.987" errors="0" timestamp="2022-06-20T19:26:14 IST" skipped="0">
  <testcase classname="Test.HomePageTest" name="GoToHomePageTest" time="2.987"/>
  <system-out/>
</testsuite> <!-- Test.HomePageTest -->
