<?xml version="1.0" encoding="UTF-8"?>
<!-- Generated by org.testng.reporters.JUnitReportReporter -->
<testsuite hostname="LAPTOP-IO7O6G3K" failures="0" tests="2" name="Test.TestNGAnnotation" time="0.114" errors="0" timestamp="2022-06-20T19:32:35 IST" skipped="0">
  <testcase classname="Test.TestNGAnnotation" name="test3" time="0.005"/>
  <system-out/>
  <testcase classname="Test.TestNGAnnotation" name="test2" time="0.109"/>
  <system-out/>
</testsuite> <!-- Test.TestNGAnnotation -->
